2025-08-08 03:22:11,624 - core - INFO - Bug Hunter initialized successfully
2025-08-08 03:22:11,624 - __main__ - INFO - Starting scan for target: httpbin.org
2025-08-08 03:22:11,624 - core - INFO - Starting scan for target: httpbin.org
2025-08-08 03:22:11,624 - core - INFO - Starting reconnaissance phase...
2025-08-08 03:22:11,624 - reconnaissance - INFO - Starting reconnaissance for httpbin.org
2025-08-08 03:22:11,624 - reconnaissance - INFO - Performing subdomain enumeration...
2025-08-08 03:22:23,587 - reconnaissance - INFO - Performing port scanning...
2025-08-08 03:22:23,592 - reconnaissance - WARNING - Nmap scan failed: You requested a scan type which requires root privileges.
QUITTING!

2025-08-08 03:22:23,592 - reconnaissance - INFO - Detecting services...
2025-08-08 03:22:23,593 - reconnaissance - INFO - Detecting technologies...
2025-08-08 03:22:24,764 - reconnaissance - INFO - Enumerating directories...
2025-08-08 03:22:24,771 - reconnaissance - INFO - Performing DNS enumeration...
2025-08-08 03:22:24,811 - reconnaissance - INFO - Gathering SSL/TLS information...
2025-08-08 03:22:24,821 - reconnaissance - ERROR - Error getting SSL info: 'subject'
2025-08-08 03:22:24,821 - reconnaissance - INFO - Reconnaissance completed for httpbin.org
2025-08-08 03:22:24,821 - core - INFO - Reconnaissance completed. Found 7 subdomains
2025-08-08 03:22:24,821 - core - INFO - Scan completed for target: httpbin.org
2025-08-08 03:22:24,821 - core - INFO - Generating report...
2025-08-08 03:22:24,821 - reporter - INFO - Generating comprehensive report...
2025-08-08 03:22:24,822 - reporter - INFO - HTML report generated: ./reports/bug_hunter_report_20250808_032224.html
2025-08-08 03:22:24,822 - reporter - INFO - JSON report generated: ./reports/bug_hunter_raw_20250808_032224.json
2025-08-08 03:22:24,822 - reporter - INFO - CSV report generated: ./reports/vulnerabilities_20250808_032224.csv
2025-08-08 03:22:24,822 - reporter - INFO - Generated 3 reports
2025-08-08 03:22:24,822 - core - INFO - Report generated: ./reports/bug_hunter_report_20250808_032224.html
2025-08-08 03:22:24,822 - __main__ - INFO - Scan completed. Report saved to: ./reports/bug_hunter_report_20250808_032224.html
